  pch.cpp
C:\Program Files (x86)\Windows Kits\10\Include\10.0.22621.0\shared\minwindef.h(130,9): warning C4005: 'APIENTRY': macro redefinition
  (compiling source file 'pch.cpp')
      C:\Users\AR-LABS\source\elibs\GLAD\include\glad\glad.h(32,9):
      see previous definition of 'APIENTRY'
  
  Camera.cpp
C:\Users\AR-LABS\source\repos\NovaEngine\NovaEngine\Camera.cpp(60,25): warning C4244: '=': conversion from 'double' to 'GLfloat', possible loss of data
  (compiling source file '/Camera.cpp')
  
C:\Users\AR-LABS\source\repos\NovaEngine\NovaEngine\Camera.cpp(61,26): warning C4244: '=': conversion from 'double' to 'GLfloat', possible loss of data
  (compiling source file '/Camera.cpp')
  
  DirectionalLight.cpp
  Engine.cpp
C:\Users\AR-LABS\source\repos\NovaEngine\NovaEngine\Engine.cpp(46,4): warning C4244: 'argument': conversion from 'int' to 'GLfloat', possible loss of data
  (compiling source file '/Engine.cpp')
  
C:\Users\AR-LABS\source\repos\NovaEngine\NovaEngine\Engine.cpp(45,4): warning C4244: 'argument': conversion from 'int' to 'GLfloat', possible loss of data
  (compiling source file '/Engine.cpp')
  
C:\Users\AR-LABS\source\repos\NovaEngine\NovaEngine\Engine.cpp(44,16): warning C4244: 'argument': conversion from 'int' to 'GLfloat', possible loss of data
  (compiling source file '/Engine.cpp')
  
C:\Users\AR-LABS\source\repos\NovaEngine\NovaEngine\Engine.cpp(40,17): warning C4244: 'argument': conversion from 'int' to 'GLfloat', possible loss of data
  (compiling source file '/Engine.cpp')
  
C:\Users\AR-LABS\source\repos\NovaEngine\NovaEngine\Engine.cpp(39,16): warning C4244: 'argument': conversion from 'int' to 'GLfloat', possible loss of data
  (compiling source file '/Engine.cpp')
  
  Light.cpp
  LightManager.cpp
  Logging.cpp
  Material.cpp
  Mesh.cpp
  Model.cpp
  PointLight.cpp
  Shader.cpp
  ShaderBuilder.cpp
  SpotLight.cpp
  UI.cpp
  Window.cpp
C:\Users\AR-LABS\source\repos\NovaEngine\NovaEngine\Window.cpp(148,50): warning C4244: 'argument': conversion from 'int' to 'GLfloat', possible loss of data
  (compiling source file '/Window.cpp')
  
  Generating Code...
  glad.c
  imgui.cpp
  imgui_demo.cpp
  imgui_draw.cpp
  imgui_impl_glfw.cpp
  imgui_impl_opengl3.cpp
  imgui_tables.cpp
  imgui_widgets.cpp
  main.cpp
  Generating Code...
LINK : warning LNK4098: defaultlib 'MSVCRT' conflicts with use of other libs; use /NODEFAULTLIB:library
  NovaEngine.vcxproj -> C:\Users\AR-LABS\source\repos\NovaEngine\x64\Debug\NovaEngine.exe
