c:\users\ar-labs\source\repos\novaengine\novaengine\x64\debug\vc143.pdb
c:\users\ar-labs\source\repos\novaengine\novaengine\x64\debug\vc143.idb
c:\users\ar-labs\source\repos\novaengine\novaengine\x64\debug\glad.obj
c:\users\ar-labs\source\repos\novaengine\novaengine\x64\debug\main.obj
c:\users\ar-labs\source\repos\novaengine\novaengine\x64\debug\imgui_widgets.obj
c:\users\ar-labs\source\repos\novaengine\novaengine\x64\debug\imgui_tables.obj
c:\users\ar-labs\source\repos\novaengine\novaengine\x64\debug\imgui_impl_opengl3.obj
c:\users\ar-labs\source\repos\novaengine\novaengine\x64\debug\imgui_impl_glfw.obj
c:\users\ar-labs\source\repos\novaengine\novaengine\x64\debug\imgui_draw.obj
c:\users\ar-labs\source\repos\novaengine\novaengine\x64\debug\imgui_demo.obj
c:\users\ar-labs\source\repos\novaengine\novaengine\x64\debug\imgui.obj
c:\users\ar-labs\source\repos\novaengine\novaengine\x64\debug\window.obj
c:\users\ar-labs\source\repos\novaengine\novaengine\x64\debug\ui.obj
c:\users\ar-labs\source\repos\novaengine\novaengine\x64\debug\spotlight.obj
c:\users\ar-labs\source\repos\novaengine\novaengine\x64\debug\pointlight.obj
c:\users\ar-labs\source\repos\novaengine\novaengine\x64\debug\lightmanager.obj
c:\users\ar-labs\source\repos\novaengine\novaengine\x64\debug\light.obj
c:\users\ar-labs\source\repos\novaengine\novaengine\x64\debug\engine.obj
c:\users\ar-labs\source\repos\novaengine\novaengine\x64\debug\directionallight.obj
c:\users\ar-labs\source\repos\novaengine\novaengine\x64\debug\camera.obj
c:\users\ar-labs\source\repos\novaengine\novaengine\x64\debug\novaengine.pch
c:\users\ar-labs\source\repos\novaengine\novaengine\x64\debug\pch.obj
c:\users\ar-labs\source\repos\novaengine\novaengine\x64\debug\shaderbuilder.obj
c:\users\ar-labs\source\repos\novaengine\novaengine\x64\debug\shader.obj
c:\users\ar-labs\source\repos\novaengine\novaengine\x64\debug\model.obj
c:\users\ar-labs\source\repos\novaengine\novaengine\x64\debug\mesh.obj
c:\users\ar-labs\source\repos\novaengine\novaengine\x64\debug\material.obj
c:\users\ar-labs\source\repos\novaengine\novaengine\x64\debug\logging.obj
c:\users\ar-labs\source\repos\novaengine\x64\debug\novaengine.exe
c:\users\ar-labs\source\repos\novaengine\x64\debug\novaengine.pdb
c:\users\ar-labs\source\repos\novaengine\novaengine\x64\debug\novaengine.ilk
c:\users\ar-labs\source\repos\novaengine\novaengine\x64\debug\novaengine.tlog\cl.command.1.tlog
c:\users\ar-labs\source\repos\novaengine\novaengine\x64\debug\novaengine.tlog\cl.items.tlog
c:\users\ar-labs\source\repos\novaengine\novaengine\x64\debug\novaengine.tlog\cl.read.1.tlog
c:\users\ar-labs\source\repos\novaengine\novaengine\x64\debug\novaengine.tlog\cl.write.1.tlog
c:\users\ar-labs\source\repos\novaengine\novaengine\x64\debug\novaengine.tlog\link.command.1.tlog
c:\users\ar-labs\source\repos\novaengine\novaengine\x64\debug\novaengine.tlog\link.read.1.tlog
c:\users\ar-labs\source\repos\novaengine\novaengine\x64\debug\novaengine.tlog\link.secondary.1.tlog
c:\users\ar-labs\source\repos\novaengine\novaengine\x64\debug\novaengine.tlog\link.write.1.tlog
