c:\users\ar-labs\source\repos\novaengine\novaengine\x64\release\novaengine.pch
c:\users\ar-labs\source\repos\novaengine\novaengine\x64\release\vc143.pdb
c:\users\ar-labs\source\repos\novaengine\novaengine\x64\release\pch.obj
c:\users\ar-labs\source\repos\novaengine\novaengine\x64\release\window.obj
c:\users\ar-labs\source\repos\novaengine\novaengine\x64\release\spotlight.obj
c:\users\ar-labs\source\repos\novaengine\novaengine\x64\release\shaderbuilder.obj
c:\users\ar-labs\source\repos\novaengine\novaengine\x64\release\shader.obj
c:\users\ar-labs\source\repos\novaengine\novaengine\x64\release\pointlight.obj
c:\users\ar-labs\source\repos\novaengine\novaengine\x64\release\model.obj
c:\users\ar-labs\source\repos\novaengine\novaengine\x64\release\mesh.obj
c:\users\ar-labs\source\repos\novaengine\novaengine\x64\release\material.obj
c:\users\ar-labs\source\repos\novaengine\novaengine\x64\release\logging.obj
c:\users\ar-labs\source\repos\novaengine\novaengine\x64\release\lightmanager.obj
c:\users\ar-labs\source\repos\novaengine\novaengine\x64\release\light.obj
c:\users\ar-labs\source\repos\novaengine\novaengine\x64\release\modelmanager.obj
c:\users\ar-labs\source\repos\novaengine\novaengine\x64\release\ui.obj
c:\users\ar-labs\source\repos\novaengine\novaengine\x64\release\gizmo.obj
c:\users\ar-labs\source\repos\novaengine\novaengine\x64\release\framebuffer.obj
c:\users\ar-labs\source\repos\novaengine\novaengine\x64\release\engine.obj
c:\users\ar-labs\source\repos\novaengine\novaengine\x64\release\directionallight.obj
c:\users\ar-labs\source\repos\novaengine\novaengine\x64\release\camera.obj
c:\users\ar-labs\source\repos\novaengine\novaengine\x64\release\glad.obj
c:\users\ar-labs\source\repos\novaengine\novaengine\x64\release\main.obj
c:\users\ar-labs\source\repos\novaengine\novaengine\x64\release\imgui_widgets.obj
c:\users\ar-labs\source\repos\novaengine\novaengine\x64\release\imgui_tables.obj
c:\users\ar-labs\source\repos\novaengine\novaengine\x64\release\imgui_impl_opengl3.obj
c:\users\ar-labs\source\repos\novaengine\novaengine\x64\release\imgui_impl_glfw.obj
c:\users\ar-labs\source\repos\novaengine\novaengine\x64\release\imgui_draw.obj
c:\users\ar-labs\source\repos\novaengine\novaengine\x64\release\imgui_demo.obj
c:\users\ar-labs\source\repos\novaengine\novaengine\x64\release\imgui.obj
c:\users\ar-labs\source\repos\novaengine\novaengine\x64\release\shadermanager.obj
c:\users\ar-labs\source\repos\novaengine\novaengine\x64\release\lightmanagerui.obj
c:\users\ar-labs\source\repos\novaengine\x64\release\novaengine.exe
c:\users\ar-labs\source\repos\novaengine\x64\release\novaengine.pdb
c:\users\ar-labs\source\repos\novaengine\novaengine\x64\release\novaengine.ipdb
c:\users\ar-labs\source\repos\novaengine\novaengine\x64\release\novaengine.iobj
c:\users\ar-labs\source\repos\novaengine\novaengine\x64\release\novaengine.tlog\cl.command.1.tlog
c:\users\ar-labs\source\repos\novaengine\novaengine\x64\release\novaengine.tlog\cl.items.tlog
c:\users\ar-labs\source\repos\novaengine\novaengine\x64\release\novaengine.tlog\cl.read.1.tlog
c:\users\ar-labs\source\repos\novaengine\novaengine\x64\release\novaengine.tlog\cl.write.1.tlog
c:\users\ar-labs\source\repos\novaengine\novaengine\x64\release\novaengine.tlog\link.command.1.tlog
c:\users\ar-labs\source\repos\novaengine\novaengine\x64\release\novaengine.tlog\link.read.1.tlog
c:\users\ar-labs\source\repos\novaengine\novaengine\x64\release\novaengine.tlog\link.secondary.1.tlog
c:\users\ar-labs\source\repos\novaengine\novaengine\x64\release\novaengine.tlog\link.write.1.tlog
